<?xml version="1.0" encoding="UTF-8"?>
<!-- Generated by org.testng.reporters.JUnitReportReporter -->
<testsuite hostname="fv-az74-312" failures="0" tests="2" name="runner.TestRunner" time="4.364" errors="0" timestamp="2021-09-10T06:36:12 UTC" skipped="0">
  <testcase classname="runner.TestRunner" name="runScenario" time="3.606"/>
  <system-out/>
  <testcase classname="runner.TestRunner" name="runScenario" time="0.758"/>
  <system-out/>
</testsuite> <!-- runner.TestRunner -->
